[debug] [2024-12-31T09:57:29.111Z] ----------------------------------------------------------------------
[debug] [2024-12-31T09:57:29.112Z] Command:       /Users/akodesmondoben/.nvm/versions/node/v22.11.0/bin/node /Users/akodesmondoben/Library/pnpm/global/5/node_modules/firebase-tools/lib/bin/firebase.js deploy
[debug] [2024-12-31T09:57:29.112Z] CLI Version:   13.29.1
[debug] [2024-12-31T09:57:29.112Z] Platform:      darwin
[debug] [2024-12-31T09:57:29.113Z] Node Version:  v22.11.0
[debug] [2024-12-31T09:57:29.113Z] Time:          Tue Dec 31 2024 10:57:29 GMT+0100 (West Africa Standard Time)
[debug] [2024-12-31T09:57:29.113Z] ----------------------------------------------------------------------
[debug] 
[debug] [2024-12-31T09:57:29.145Z] > command requires scopes: ["email","openid","https://www.googleapis.com/auth/cloudplatformprojects.readonly","https://www.googleapis.com/auth/firebase","https://www.googleapis.com/auth/cloud-platform"]
[debug] [2024-12-31T09:57:29.145Z] > authorizing via signed-in user (obendesmond2@gmail.com)
[debug] [2024-12-31T09:57:29.146Z] [iam] checking project fir-app-hosting-test-e0e03 for permissions ["firebase.projects.get","firebasehosting.sites.update"]
[debug] [2024-12-31T09:57:29.146Z] Checked if tokens are valid: true, expires at: 1735642243905
[debug] [2024-12-31T09:57:29.146Z] Checked if tokens are valid: true, expires at: 1735642243905
[debug] [2024-12-31T09:57:29.146Z] >>> [apiv2][query] POST https://cloudresourcemanager.googleapis.com/v1/projects/fir-app-hosting-test-e0e03:testIamPermissions [none]
[debug] [2024-12-31T09:57:29.146Z] >>> [apiv2][(partial)header] POST https://cloudresourcemanager.googleapis.com/v1/projects/fir-app-hosting-test-e0e03:testIamPermissions x-goog-quota-user=projects/fir-app-hosting-test-e0e03
[debug] [2024-12-31T09:57:29.146Z] >>> [apiv2][body] POST https://cloudresourcemanager.googleapis.com/v1/projects/fir-app-hosting-test-e0e03:testIamPermissions {"permissions":["firebase.projects.get","firebasehosting.sites.update"]}
[debug] [2024-12-31T09:57:30.195Z] <<< [apiv2][status] POST https://cloudresourcemanager.googleapis.com/v1/projects/fir-app-hosting-test-e0e03:testIamPermissions 200
[debug] [2024-12-31T09:57:30.195Z] <<< [apiv2][body] POST https://cloudresourcemanager.googleapis.com/v1/projects/fir-app-hosting-test-e0e03:testIamPermissions {"permissions":["firebase.projects.get","firebasehosting.sites.update"]}
[debug] [2024-12-31T09:57:30.196Z] Checked if tokens are valid: true, expires at: 1735642243905
[debug] [2024-12-31T09:57:30.196Z] Checked if tokens are valid: true, expires at: 1735642243905
[debug] [2024-12-31T09:57:30.196Z] >>> [apiv2][query] GET https://firebase.googleapis.com/v1beta1/projects/fir-app-hosting-test-e0e03 [none]
[debug] [2024-12-31T09:57:30.892Z] <<< [apiv2][status] GET https://firebase.googleapis.com/v1beta1/projects/fir-app-hosting-test-e0e03 200
[debug] [2024-12-31T09:57:30.892Z] <<< [apiv2][body] GET https://firebase.googleapis.com/v1beta1/projects/fir-app-hosting-test-e0e03 {"projectId":"fir-app-hosting-test-e0e03","projectNumber":"210979903452","displayName":"firebase-app-hosting-test","name":"projects/fir-app-hosting-test-e0e03","resources":{"hostingSite":"fir-app-hosting-test-e0e03"},"state":"ACTIVE","etag":"1_b2e8f285-3407-4c1b-b42b-72c6a1f53715"}
[debug] [2024-12-31T09:57:33.962Z] Checked if tokens are valid: true, expires at: 1735642243905
[debug] [2024-12-31T09:57:33.962Z] Checked if tokens are valid: true, expires at: 1735642243905
[debug] [2024-12-31T09:57:33.963Z] >>> [apiv2][query] GET https://firebasehosting.googleapis.com/v1beta1/projects/fir-app-hosting-test-e0e03/sites pageToken=&pageSize=10
[debug] [2024-12-31T09:57:35.657Z] <<< [apiv2][status] GET https://firebasehosting.googleapis.com/v1beta1/projects/fir-app-hosting-test-e0e03/sites 200
[debug] [2024-12-31T09:57:35.657Z] <<< [apiv2][body] GET https://firebasehosting.googleapis.com/v1beta1/projects/fir-app-hosting-test-e0e03/sites {"sites":[{"name":"projects/fir-app-hosting-test-e0e03/sites/fir-app-hosting-test-e0e03","defaultUrl":"https://fir-app-hosting-test-e0e03.web.app","type":"DEFAULT_SITE"}]}
[debug] [2024-12-31T09:57:35.659Z] Checked if tokens are valid: true, expires at: 1735642243905
[debug] [2024-12-31T09:57:35.659Z] Checked if tokens are valid: true, expires at: 1735642243905
[debug] [2024-12-31T09:57:35.659Z] >>> [apiv2][query] GET https://firebasehosting.googleapis.com/v1beta1/projects/fir-app-hosting-test-e0e03/sites 
[debug] [2024-12-31T09:57:36.373Z] <<< [apiv2][status] GET https://firebasehosting.googleapis.com/v1beta1/projects/fir-app-hosting-test-e0e03/sites 200
[debug] [2024-12-31T09:57:36.373Z] <<< [apiv2][body] GET https://firebasehosting.googleapis.com/v1beta1/projects/fir-app-hosting-test-e0e03/sites {"sites":[{"name":"projects/fir-app-hosting-test-e0e03/sites/fir-app-hosting-test-e0e03","defaultUrl":"https://fir-app-hosting-test-e0e03.web.app","type":"DEFAULT_SITE"}]}
[debug] [2024-12-31T09:57:36.374Z] Checked if tokens are valid: true, expires at: 1735642243905
[debug] [2024-12-31T09:57:36.374Z] Checked if tokens are valid: true, expires at: 1735642243905
[debug] [2024-12-31T09:57:36.375Z] >>> [apiv2][query] GET https://firebase.googleapis.com/v1beta1/projects/fir-app-hosting-test-e0e03/webApps/-/config [none]
[debug] [2024-12-31T09:57:37.223Z] <<< [apiv2][status] GET https://firebase.googleapis.com/v1beta1/projects/fir-app-hosting-test-e0e03/webApps/-/config 200
[debug] [2024-12-31T09:57:37.224Z] <<< [apiv2][body] GET https://firebase.googleapis.com/v1beta1/projects/fir-app-hosting-test-e0e03/webApps/-/config {"projectId":"fir-app-hosting-test-e0e03","storageBucket":"fir-app-hosting-test-e0e03.firebasestorage.app","apiKey":"AIzaSyBD0jr745hy8NjS1IR6AnuJAnKCxtPg8f4","authDomain":"fir-app-hosting-test-e0e03.firebaseapp.com","messagingSenderId":"210979903452"}
[info] 
   Thank you for trying our early preview of Next.js support on Firebase Hosting.
   During the preview, support is best-effort and breaking changes can be expected. Proceed with caution.
   The integration is known to work with Next.js version 12 - 15.0. You may encounter errors.

   Documentation: https://firebase.google.com/docs/hosting/frameworks/nextjs
   File a bug: https://github.com/firebase/firebase-tools/issues/new?template=bug_report.md
   Submit a feature request: https://github.com/firebase/firebase-tools/issues/new?template=feature_request.md

   We'd love to learn from you. Express your interest in helping us shape the future of Firebase Hosting: https://goo.gle/41enW5X

[debug] [2024-12-31T09:57:43.511Z] Checked if tokens are valid: true, expires at: 1735642243905
[debug] [2024-12-31T09:57:43.511Z] Checked if tokens are valid: true, expires at: 1735642243905
[debug] [2024-12-31T09:57:43.511Z] >>> [apiv2][query] GET https://firebasehosting.googleapis.com/v1beta1/projects/fir-app-hosting-test-e0e03/sites/fir-app-hosting-test-e0e03 [none]
[debug] [2024-12-31T09:57:45.108Z] <<< [apiv2][status] GET https://firebasehosting.googleapis.com/v1beta1/projects/fir-app-hosting-test-e0e03/sites/fir-app-hosting-test-e0e03 200
[debug] [2024-12-31T09:57:45.109Z] <<< [apiv2][body] GET https://firebasehosting.googleapis.com/v1beta1/projects/fir-app-hosting-test-e0e03/sites/fir-app-hosting-test-e0e03 {"name":"projects/fir-app-hosting-test-e0e03/sites/fir-app-hosting-test-e0e03","defaultUrl":"https://fir-app-hosting-test-e0e03.web.app","type":"DEFAULT_SITE"}
[info] Using environment file: .env.local

[info]    ▲ Next.js 15.1.0

[info]    - Environments: .env.local


[info]    Creating an optimized production build ...

[info] Using environment file: .env.local

[info] Using environment file: .env.local

[info] Using environment file: .env.local

[info]  ✓ Compiled successfully

[info]    Linting and checking validity of types ...

